<?xml version="1.0" encoding="UTF-8"?>
<!-- Generated by org.testng.reporters.JUnitReportReporter -->
<testsuite hostname="LAPTOP-6EUUVVQ8" failures="0" tests="2" name="session43.BeforeAndAfterAnn" time="0.017" errors="0" timestamp="2024-10-01T20:21:20 IST" skipped="0">
  <testcase classname="session43.BeforeAndAfterAnn" name="Search" time="0.013"/>
  <system-out/>
  <testcase classname="session43.BeforeAndAfterAnn" name="AdvSearched" time="0.004"/>
  <system-out/>
</testsuite> <!-- session43.BeforeAndAfterAnn -->
