<?xml version="1.0" encoding="UTF-8"?>
<!-- Generated by org.testng.reporters.JUnitReportReporter -->
<testsuite hostname="LAPTOP-6EUUVVQ8" failures="0" tests="2" name="session43_1.AllAnnotationsDemo" time="0.008" errors="0" timestamp="2025-01-03T17:16:12 IST" skipped="0">
  <testcase classname="session43_1.AllAnnotationsDemo" name="Test2" time="0.002"/>
  <system-out/>
  <testcase classname="session43_1.AllAnnotationsDemo" name="Test1" time="0.006"/>
  <system-out/>
</testsuite> <!-- session43_1.AllAnnotationsDemo -->
