<?xml version="1.0" encoding="UTF-8"?>
<!-- Generated by org.testng.reporters.JUnitReportReporter -->
<testsuite hostname="LAPTOP-6EUUVVQ8" failures="0" tests="3" name="session44.loginMeth" time="0.004" errors="0" timestamp="2024-10-03T18:58:13 IST" skipped="0">
  <testcase classname="session44.loginMeth" name="loginByEmail" time="0.002"/>
  <system-out/>
  <testcase classname="session44.loginMeth" name="loginByFaceBook" time="0.001"/>
  <system-out/>
  <testcase classname="session44.loginMeth" name="loginByTwitter" time="0.001"/>
  <system-out/>
</testsuite> <!-- session44.loginMeth -->
