<?xml version="1.0" encoding="UTF-8"?>
<!-- Generated by org.testng.reporters.JUnitReportReporter -->
<testsuite hostname="LAPTOP-6EUUVVQ8" failures="0" tests="4" name="session42.TestNGDemo1" time="8.775" errors="0" timestamp="2024-10-01T19:35:09 IST" skipped="0">
  <testcase classname="session42.TestNGDemo1" name="openPage" time="5.027"/>
  <system-out/>
  <testcase classname="session42.TestNGDemo1" name="logoIsDisplayed" time="2.047"/>
  <system-out/>
  <testcase classname="session42.TestNGDemo1" name="testlogin" time="1.520"/>
  <system-out/>
  <testcase classname="session42.TestNGDemo1" name="testclose" time="0.181"/>
  <system-out/>
</testsuite> <!-- session42.TestNGDemo1 -->
