<?xml version="1.0" encoding="UTF-8"?>
<!-- Generated by org.testng.reporters.JUnitReportReporter -->
<testsuite hostname="LAPTOP-6EUUVVQ8" failures="0" tests="1" name="session43_1.BeforeTestDemo" time="0.005" errors="0" timestamp="2025-01-03T17:13:28 IST" skipped="0">
  <testcase classname="session43_1.BeforeTestDemo" name="Test" time="0.005"/>
  <system-out/>
</testsuite> <!-- session43_1.BeforeTestDemo -->
