<?xml version="1.0" encoding="UTF-8"?>
<!-- Generated by org.testng.reporters.JUnitReportReporter -->
<testsuite hostname="LAPTOP-6EUUVVQ8" failures="0" tests="3" name="session42.TestNGDemo" time="0.013" errors="0" timestamp="2024-10-01T19:35:09 IST" skipped="0">
  <testcase classname="session42.TestNGDemo" name="openpage" time="0.011"/>
  <system-out/>
  <testcase classname="session42.TestNGDemo" name="login" time="0.001"/>
  <system-out/>
  <testcase classname="session42.TestNGDemo" name="logout" time="0.001"/>
  <system-out/>
</testsuite> <!-- session42.TestNGDemo -->
