<?xml version="1.0" encoding="UTF-8"?>
<!-- Generated by org.testng.reporters.JUnitReportReporter -->
<testsuite hostname="LAPTOP-6EUUVVQ8" failures="0" tests="1" name="session43.BeforeClassAndAfterClassAnn" time="0.007" errors="0" timestamp="2024-10-01T20:32:45 IST" skipped="0">
  <testcase classname="session43.BeforeClassAndAfterClassAnn" name="Search" time="0.007"/>
  <system-out/>
</testsuite> <!-- session43.BeforeClassAndAfterClassAnn -->
