<?xml version="1.0" encoding="UTF-8"?>
<!-- Generated by org.testng.reporters.JUnitReportReporter -->
<testsuite hostname="LAPTOP-6EUUVVQ8" failures="0" tests="1" name="session43_2.AssertionDem" time="0.008" errors="0" timestamp="2025-01-03T17:24:36 IST" skipped="0">
  <testcase classname="session43_2.AssertionDem" name="testAssert" time="0.008"/>
  <system-out/>
</testsuite> <!-- session43_2.AssertionDem -->
