<?xml version="1.0" encoding="UTF-8"?>
<!-- Generated by org.testng.reporters.JUnitReportReporter -->
<testsuite hostname="LAPTOP-6EUUVVQ8" failures="0" tests="1" name="session47_PageObjectClass.Sample" time="2.910" errors="0" timestamp="2024-10-13T17:46:30 IST" skipped="0">
  <testcase classname="session47_PageObjectClass.Sample" name="setup" time="2.910"/>
  <system-out/>
</testsuite> <!-- session47_PageObjectClass.Sample -->
