<?xml version="1.0" encoding="UTF-8"?>
<!-- Generated by org.testng.reporters.JUnitReportReporter -->
<testsuite hostname="LAPTOP-6EUUVVQ8" failures="0" tests="1" name="session47_PageObjectClass.TestCase_PageObjectClass" time="7.350" errors="0" timestamp="2024-10-09T13:44:12 IST" skipped="0">
  <testcase classname="session47_PageObjectClass.TestCase_PageObjectClass" name="testlogin" time="7.350"/>
  <system-out/>
</testsuite> <!-- session47_PageObjectClass.TestCase_PageObjectClass -->
