<?xml version="1.0" encoding="UTF-8"?>
<!-- Generated by org.testng.reporters.JUnitReportReporter -->
<testsuite hostname="LAPTOP-6EUUVVQ8" failures="0" tests="2" name="session43.BeforeClassAndAfterClassAnn" time="0.007" errors="0" timestamp="2025-01-03T15:53:29 IST" skipped="0">
  <testcase classname="session43.BeforeClassAndAfterClassAnn" name="Search" time="0.005"/>
  <system-out/>
  <testcase classname="session43.BeforeClassAndAfterClassAnn" name="AdvSearched" time="0.002"/>
  <system-out/>
</testsuite> <!-- session43.BeforeClassAndAfterClassAnn -->
