<?xml version="1.0" encoding="UTF-8"?>
<!-- Generated by org.testng.reporters.JUnitReportReporter -->
<testsuite hostname="LAPTOP-6EUUVVQ8" failures="0" tests="2" name="session44.PaymentMeth" time="0.003" errors="0" timestamp="2024-10-03T18:47:22 IST" skipped="0">
  <testcase classname="session44.PaymentMeth" name="PaymentByFaceBook" time="0.002"/>
  <system-out/>
  <testcase classname="session44.PaymentMeth" name="PaymentByTwitter" time="0.001"/>
  <system-out/>
</testsuite> <!-- session44.PaymentMeth -->
