<?xml version="1.0" encoding="UTF-8"?>
<!-- Generated by org.testng.reporters.JUnitReportReporter -->
<testsuite hostname="LAPTOP-6EUUVVQ8" failures="0" tests="2" name="session43_1.AfterTestDemo" time="0.002" errors="0" timestamp="2024-10-02T08:50:18 IST" skipped="0">
  <testcase classname="session43_1.AfterTestDemo" name="Test" time="0.001"/>
  <system-out/>
  <testcase classname="session43_1.AfterTestDemo" name="Test" time="0.001"/>
  <system-out/>
</testsuite> <!-- session43_1.AfterTestDemo -->
