<?xml version="1.0" encoding="UTF-8"?>
<!-- Generated by org.testng.reporters.JUnitReportReporter -->
<testsuite hostname="LAPTOP-6EUUVVQ8" failures="0" tests="2" name="session43.BeforeAndAfterAnn" time="0.017" errors="0" timestamp="2025-01-03T15:50:03 IST" skipped="0">
  <testcase classname="session43.BeforeAndAfterAnn" name="Search" time="0.016"/>
  <system-out/>
  <testcase classname="session43.BeforeAndAfterAnn" name="AdvSearched" time="0.001"/>
  <system-out/>
</testsuite> <!-- session43.BeforeAndAfterAnn -->
